0 info it worked if it ends with ok
1 verbose cli [ '/usr/bin/nodejs', '/usr/bin/npm', 'run', 'web' ]
2 info using npm@3.10.10
3 info using node@v6.11.1
4 verbose run-script [ 'preweb', 'web', 'postweb' ]
5 info lifecycle js_lesson_01@1.0.0~preweb: js_lesson_01@1.0.0
6 silly lifecycle js_lesson_01@1.0.0~preweb: no script for preweb, continuing
7 info lifecycle js_lesson_01@1.0.0~web: js_lesson_01@1.0.0
8 verbose lifecycle js_lesson_01@1.0.0~web: unsafe-perm in lifecycle true
9 verbose lifecycle js_lesson_01@1.0.0~web: PATH: /usr/lib/node_modules/npm/bin/node-gyp-bin:/home/cyborg/Desktop/lesson01/node_modules/.bin:/usr/local/sbin:/usr/local/bin:/usr/sbin:/usr/bin:/sbin:/bin:/usr/games:/usr/local/games
10 verbose lifecycle js_lesson_01@1.0.0~web: CWD: /home/cyborg/Desktop/lesson01
11 silly lifecycle js_lesson_01@1.0.0~web: Args: [ '-c', 'webpack' ]
12 silly lifecycle js_lesson_01@1.0.0~web: Returned: code: 2  signal: null
13 info lifecycle js_lesson_01@1.0.0~web: Failed to exec web script
14 verbose stack Error: js_lesson_01@1.0.0 web: `webpack`
14 verbose stack Exit status 2
14 verbose stack     at EventEmitter.<anonymous> (/usr/lib/node_modules/npm/lib/utils/lifecycle.js:255:16)
14 verbose stack     at emitTwo (events.js:106:13)
14 verbose stack     at EventEmitter.emit (events.js:191:7)
14 verbose stack     at ChildProcess.<anonymous> (/usr/lib/node_modules/npm/lib/utils/spawn.js:40:14)
14 verbose stack     at emitTwo (events.js:106:13)
14 verbose stack     at ChildProcess.emit (events.js:191:7)
14 verbose stack     at maybeClose (internal/child_process.js:891:16)
14 verbose stack     at Process.ChildProcess._handle.onexit (internal/child_process.js:226:5)
15 verbose pkgid js_lesson_01@1.0.0
16 verbose cwd /home/cyborg/Desktop/lesson01
17 error Linux 3.16.0-28-generic
18 error argv "/usr/bin/nodejs" "/usr/bin/npm" "run" "web"
19 error node v6.11.1
20 error npm  v3.10.10
21 error code ELIFECYCLE
22 error js_lesson_01@1.0.0 web: `webpack`
22 error Exit status 2
23 error Failed at the js_lesson_01@1.0.0 web script 'webpack'.
23 error Make sure you have the latest version of node.js and npm installed.
23 error If you do, this is most likely a problem with the js_lesson_01 package,
23 error not with npm itself.
23 error Tell the author that this fails on your system:
23 error     webpack
23 error You can get information on how to open an issue for this project with:
23 error     npm bugs js_lesson_01
23 error Or if that isn't available, you can get their info via:
23 error     npm owner ls js_lesson_01
23 error There is likely additional logging output above.
24 verbose exit [ 1, true ]
